run after_install.sh: 
cd /home/ec2-user/nodejs-server-cicd
npm install

up to date, audited 65 packages in 678ms

12 packages are looking for funding
  run `npm fund` for details

found 0 vulnerabilities
run application_start.sh: 
pm2 restart nodejs-express-app
Use --update-env to update environment variables
[PM2] Applying action restartProcessId on app [nodejs-express-app](ids: [ 0 ])
[PM2] [nodejs-express-app](0) ✓
┌────┬───────────────────────┬─────────────┬─────────┬─────────┬──────────┬────────┬──────┬───────────┬──────────┬──────────┬──────────┬──────────┐
│ id │ name                  │ namespace   │ version │ mode    │ pid      │ uptime │ ↺    │ status    │ cpu      │ mem      │ user     │ watching │
├────┼───────────────────────┼─────────────┼─────────┼─────────┼──────────┼────────┼──────┼───────────┼──────────┼──────────┼──────────┼──────────┤
│ 0  │ nodejs-express-app    │ default     │ 1.0.0   │ fork    │ 38580    │ 0s     │ 5    │ online    │ 0%       │ 736.0kb  │ root     │ disabled │
└────┴───────────────────────┴─────────────┴─────────┴─────────┴──────────┴────────┴──────┴───────────┴──────────┴──────────┴──────────┴──────────┘
run after_install.sh: 
cd /home/ec2-user/nodejs-server-cicd
npm install

up to date, audited 65 packages in 692ms

12 packages are looking for funding
  run `npm fund` for details

found 0 vulnerabilities
run application_start.sh: 
pm2 restart nodejs-express-app
Use --update-env to update environment variables
[PM2] Applying action restartProcessId on app [nodejs-express-app](ids: [ 0 ])
[PM2] [nodejs-express-app](0) ✓
┌────┬───────────────────────┬─────────────┬─────────┬─────────┬──────────┬────────┬──────┬───────────┬──────────┬──────────┬──────────┬──────────┐
│ id │ name                  │ namespace   │ version │ mode    │ pid      │ uptime │ ↺    │ status    │ cpu      │ mem      │ user     │ watching │
├────┼───────────────────────┼─────────────┼─────────┼─────────┼──────────┼────────┼──────┼───────────┼──────────┼──────────┼──────────┼──────────┤
│ 0  │ nodejs-express-app    │ default     │ 1.0.0   │ fork    │ 38673    │ 0s     │ 6    │ online    │ 0%       │ 19.4mb   │ root     │ disabled │
└────┴───────────────────────┴─────────────┴─────────┴─────────┴──────────┴────────┴──────┴───────────┴──────────┴──────────┴──────────┴──────────┘
